<?xml version="1.0" encoding="UTF-8"?>
<testsuite xmlns:xsi="http://www.w3.org/2001/XMLSchema-instance" xsi:noNamespaceSchemaLocation="https://maven.apache.org/surefire/maven-surefire-plugin/xsd/surefire-test-report-3.0.xsd" version="3.0" name="TestSuite" time="34.266" tests="9" errors="0" skipped="4" failures="4">
  <properties>
    <property name="sun.desktop" value="windows"/>
    <property name="awt.toolkit" value="sun.awt.windows.WToolkit"/>
    <property name="file.encoding.pkg" value="sun.io"/>
    <property name="java.specification.version" value="1.8"/>
    <property name="sun.cpu.isalist" value="amd64"/>
    <property name="sun.jnu.encoding" value="Cp1252"/>
    <property name="java.class.path" value="E:\POMframeworkWithExtentReportCOPY\target\test-classes;E:\POMframeworkWithExtentReportCOPY\target\classes;C:\WINDOWS\system32\config\systemprofile\.m2\repository\org\seleniumhq\selenium\selenium-java\4.0.0-beta-4\selenium-java-4.0.0-beta-4.jar;C:\WINDOWS\system32\config\systemprofile\.m2\repository\org\seleniumhq\selenium\selenium-api\4.0.0-beta-4\selenium-api-4.0.0-beta-4.jar;C:\WINDOWS\system32\config\systemprofile\.m2\repository\org\seleniumhq\selenium\selenium-chrome-driver\4.0.0-beta-4\selenium-chrome-driver-4.0.0-beta-4.jar;C:\WINDOWS\system32\config\systemprofile\.m2\repository\com\google\auto\service\auto-service-annotations\1.0\auto-service-annotations-1.0.jar;C:\WINDOWS\system32\config\systemprofile\.m2\repository\com\google\auto\service\auto-service\1.0\auto-service-1.0.jar;C:\WINDOWS\system32\config\systemprofile\.m2\repository\com\google\auto\auto-common\1.0\auto-common-1.0.jar;C:\WINDOWS\system32\config\systemprofile\.m2\repository\com\google\guava\guava\30.1.1-jre\guava-30.1.1-jre.jar;C:\WINDOWS\system32\config\systemprofile\.m2\repository\com\google\guava\failureaccess\1.0.1\failureaccess-1.0.1.jar;C:\WINDOWS\system32\config\systemprofile\.m2\repository\com\google\guava\listenablefuture\9999.0-empty-to-avoid-conflict-with-guava\listenablefuture-9999.0-empty-to-avoid-conflict-with-guava.jar;C:\WINDOWS\system32\config\systemprofile\.m2\repository\com\google\code\findbugs\jsr305\3.0.2\jsr305-3.0.2.jar;C:\WINDOWS\system32\config\systemprofile\.m2\repository\org\checkerframework\checker-qual\3.8.0\checker-qual-3.8.0.jar;C:\WINDOWS\system32\config\systemprofile\.m2\repository\com\google\errorprone\error_prone_annotations\2.5.1\error_prone_annotations-2.5.1.jar;C:\WINDOWS\system32\config\systemprofile\.m2\repository\com\google\j2objc\j2objc-annotations\1.3\j2objc-annotations-1.3.jar;C:\WINDOWS\system32\config\systemprofile\.m2\repository\org\seleniumhq\selenium\selenium-chromium-driver\4.0.0-beta-4\selenium-chromium-driver-4.0.0-beta-4.jar;C:\WINDOWS\system32\config\systemprofile\.m2\repository\org\seleniumhq\selenium\selenium-devtools\4.0.0-beta-4\selenium-devtools-4.0.0-beta-4.jar;C:\WINDOWS\system32\config\systemprofile\.m2\repository\org\seleniumhq\selenium\selenium-http\4.0.0-beta-4\selenium-http-4.0.0-beta-4.jar;C:\WINDOWS\system32\config\systemprofile\.m2\repository\org\seleniumhq\selenium\selenium-json\4.0.0-beta-4\selenium-json-4.0.0-beta-4.jar;C:\WINDOWS\system32\config\systemprofile\.m2\repository\org\seleniumhq\selenium\selenium-devtools-v85\4.0.0-beta-4\selenium-devtools-v85-4.0.0-beta-4.jar;C:\WINDOWS\system32\config\systemprofile\.m2\repository\org\seleniumhq\selenium\selenium-devtools-v88\4.0.0-beta-4\selenium-devtools-v88-4.0.0-beta-4.jar;C:\WINDOWS\system32\config\systemprofile\.m2\repository\org\seleniumhq\selenium\selenium-devtools-v89\4.0.0-beta-4\selenium-devtools-v89-4.0.0-beta-4.jar;C:\WINDOWS\system32\config\systemprofile\.m2\repository\org\seleniumhq\selenium\selenium-devtools-v90\4.0.0-beta-4\selenium-devtools-v90-4.0.0-beta-4.jar;C:\WINDOWS\system32\config\systemprofile\.m2\repository\org\seleniumhq\selenium\selenium-devtools-v91\4.0.0-beta-4\selenium-devtools-v91-4.0.0-beta-4.jar;C:\WINDOWS\system32\config\systemprofile\.m2\repository\org\seleniumhq\selenium\selenium-edge-driver\4.0.0-beta-4\selenium-edge-driver-4.0.0-beta-4.jar;C:\WINDOWS\system32\config\systemprofile\.m2\repository\org\seleniumhq\selenium\selenium-firefox-driver\4.0.0-beta-4\selenium-firefox-driver-4.0.0-beta-4.jar;C:\WINDOWS\system32\config\systemprofile\.m2\repository\org\seleniumhq\selenium\selenium-firefox-xpi-driver\4.0.0-beta-4\selenium-firefox-xpi-driver-4.0.0-beta-4.jar;C:\WINDOWS\system32\config\systemprofile\.m2\repository\org\seleniumhq\selenium\selenium-ie-driver\4.0.0-beta-4\selenium-ie-driver-4.0.0-beta-4.jar;C:\WINDOWS\system32\config\systemprofile\.m2\repository\org\seleniumhq\selenium\selenium-opera-driver\4.0.0-beta-4\selenium-opera-driver-4.0.0-beta-4.jar;C:\WINDOWS\system32\config\systemprofile\.m2\repository\org\seleniumhq\selenium\selenium-remote-driver\4.0.0-beta-4\selenium-remote-driver-4.0.0-beta-4.jar;C:\WINDOWS\system32\config\systemprofile\.m2\repository\io\netty\netty-buffer\4.1.63.Final\netty-buffer-4.1.63.Final.jar;C:\WINDOWS\system32\config\systemprofile\.m2\repository\io\netty\netty-codec-http\4.1.63.Final\netty-codec-http-4.1.63.Final.jar;C:\WINDOWS\system32\config\systemprofile\.m2\repository\io\netty\netty-codec\4.1.63.Final\netty-codec-4.1.63.Final.jar;C:\WINDOWS\system32\config\systemprofile\.m2\repository\io\netty\netty-handler\4.1.63.Final\netty-handler-4.1.63.Final.jar;C:\WINDOWS\system32\config\systemprofile\.m2\repository\io\netty\netty-common\4.1.63.Final\netty-common-4.1.63.Final.jar;C:\WINDOWS\system32\config\systemprofile\.m2\repository\io\netty\netty-transport-native-epoll\4.1.63.Final\netty-transport-native-epoll-4.1.63.Final.jar;C:\WINDOWS\system32\config\systemprofile\.m2\repository\io\netty\netty-transport-native-kqueue\4.1.63.Final\netty-transport-native-kqueue-4.1.63.Final.jar;C:\WINDOWS\system32\config\systemprofile\.m2\repository\io\netty\netty-transport-native-unix-common\4.1.63.Final\netty-transport-native-unix-common-4.1.63.Final.jar;C:\WINDOWS\system32\config\systemprofile\.m2\repository\io\netty\netty-transport\4.1.63.Final\netty-transport-4.1.63.Final.jar;C:\WINDOWS\system32\config\systemprofile\.m2\repository\io\netty\netty-resolver\4.1.63.Final\netty-resolver-4.1.63.Final.jar;C:\WINDOWS\system32\config\systemprofile\.m2\repository\io\opentelemetry\opentelemetry-api\1.2.0\opentelemetry-api-1.2.0.jar;C:\WINDOWS\system32\config\systemprofile\.m2\repository\io\opentelemetry\opentelemetry-context\1.2.0\opentelemetry-context-1.2.0.jar;C:\WINDOWS\system32\config\systemprofile\.m2\repository\io\opentelemetry\opentelemetry-exporter-logging\1.2.0\opentelemetry-exporter-logging-1.2.0.jar;C:\WINDOWS\system32\config\systemprofile\.m2\repository\io\opentelemetry\opentelemetry-sdk-metrics\1.2.0-alpha\opentelemetry-sdk-metrics-1.2.0-alpha.jar;C:\WINDOWS\system32\config\systemprofile\.m2\repository\io\opentelemetry\opentelemetry-sdk-common\1.2.0\opentelemetry-sdk-common-1.2.0.jar;C:\WINDOWS\system32\config\systemprofile\.m2\repository\io\opentelemetry\opentelemetry-sdk-extension-autoconfigure\1.2.0-alpha\opentelemetry-sdk-extension-autoconfigure-1.2.0-alpha.jar;C:\WINDOWS\system32\config\systemprofile\.m2\repository\io\opentelemetry\opentelemetry-sdk-trace\1.2.0\opentelemetry-sdk-trace-1.2.0.jar;C:\WINDOWS\system32\config\systemprofile\.m2\repository\io\opentelemetry\opentelemetry-api-metrics\1.2.0-alpha\opentelemetry-api-metrics-1.2.0-alpha.jar;C:\WINDOWS\system32\config\systemprofile\.m2\repository\io\opentelemetry\opentelemetry-sdk\1.2.0\opentelemetry-sdk-1.2.0.jar;C:\WINDOWS\system32\config\systemprofile\.m2\repository\io\opentelemetry\opentelemetry-semconv\1.2.0-alpha\opentelemetry-semconv-1.2.0-alpha.jar;C:\WINDOWS\system32\config\systemprofile\.m2\repository\io\ous\jtoml\2.0.0\jtoml-2.0.0.jar;C:\WINDOWS\system32\config\systemprofile\.m2\repository\net\bytebuddy\byte-buddy\1.11.0\byte-buddy-1.11.0.jar;C:\WINDOWS\system32\config\systemprofile\.m2\repository\org\apache\commons\commons-exec\1.3\commons-exec-1.3.jar;C:\WINDOWS\system32\config\systemprofile\.m2\repository\org\asynchttpclient\async-http-client\2.12.3\async-http-client-2.12.3.jar;C:\WINDOWS\system32\config\systemprofile\.m2\repository\org\asynchttpclient\async-http-client-netty-utils\2.12.3\async-http-client-netty-utils-2.12.3.jar;C:\WINDOWS\system32\config\systemprofile\.m2\repository\io\netty\netty-codec-socks\4.1.60.Final\netty-codec-socks-4.1.60.Final.jar;C:\WINDOWS\system32\config\systemprofile\.m2\repository\io\netty\netty-handler-proxy\4.1.60.Final\netty-handler-proxy-4.1.60.Final.jar;C:\WINDOWS\system32\config\systemprofile\.m2\repository\io\netty\netty-transport-native-epoll\4.1.60.Final\netty-transport-native-epoll-4.1.60.Final-linux-x86_64.jar;C:\WINDOWS\system32\config\systemprofile\.m2\repository\io\netty\netty-transport-native-kqueue\4.1.60.Final\netty-transport-native-kqueue-4.1.60.Final-osx-x86_64.jar;C:\WINDOWS\system32\config\systemprofile\.m2\repository\com\typesafe\netty\netty-reactive-streams\2.0.4\netty-reactive-streams-2.0.4.jar;C:\WINDOWS\system32\config\systemprofile\.m2\repository\org\slf4j\slf4j-api\1.7.30\slf4j-api-1.7.30.jar;C:\WINDOWS\system32\config\systemprofile\.m2\repository\com\sun\activation\jakarta.activation\1.2.2\jakarta.activation-1.2.2.jar;C:\WINDOWS\system32\config\systemprofile\.m2\repository\org\seleniumhq\selenium\selenium-safari-driver\4.0.0-beta-4\selenium-safari-driver-4.0.0-beta-4.jar;C:\WINDOWS\system32\config\systemprofile\.m2\repository\org\seleniumhq\selenium\selenium-support\4.0.0-beta-4\selenium-support-4.0.0-beta-4.jar;C:\WINDOWS\system32\config\systemprofile\.m2\repository\org\testng\testng\7.4.0\testng-7.4.0.jar;C:\WINDOWS\system32\config\systemprofile\.m2\repository\com\beust\jcommander\1.78\jcommander-1.78.jar;C:\WINDOWS\system32\config\systemprofile\.m2\repository\org\webjars\jquery\3.5.1\jquery-3.5.1.jar;C:\WINDOWS\system32\config\systemprofile\.m2\repository\com\aventstack\extentreports\5.0.8\extentreports-5.0.8.jar;C:\WINDOWS\system32\config\systemprofile\.m2\repository\io\reactivex\rxjava3\rxjava\3.0.4\rxjava-3.0.4.jar;C:\WINDOWS\system32\config\systemprofile\.m2\repository\org\reactivestreams\reactive-streams\1.0.3\reactive-streams-1.0.3.jar;C:\WINDOWS\system32\config\systemprofile\.m2\repository\org\freemarker\freemarker\2.3.30\freemarker-2.3.30.jar;C:\WINDOWS\system32\config\systemprofile\.m2\repository\org\projectlombok\lombok\1.18.12\lombok-1.18.12.jar;C:\WINDOWS\system32\config\systemprofile\.m2\repository\com\google\code\gson\gson\2.8.6\gson-2.8.6.jar;C:\WINDOWS\system32\config\systemprofile\.m2\repository\org\apache\logging\log4j\log4j-api\2.14.1\log4j-api-2.14.1.jar;C:\WINDOWS\system32\config\systemprofile\.m2\repository\org\apache\logging\log4j\log4j-core\2.14.1\log4j-core-2.14.1.jar;C:\WINDOWS\system32\config\systemprofile\.m2\repository\junit\junit\4.13.2\junit-4.13.2.jar;C:\WINDOWS\system32\config\systemprofile\.m2\repository\org\hamcrest\hamcrest-core\1.3\hamcrest-core-1.3.jar;"/>
    <property name="java.vm.vendor" value="Oracle Corporation"/>
    <property name="sun.arch.data.model" value="64"/>
    <property name="user.variant" value=""/>
    <property name="java.vendor.url" value="http://java.oracle.com/"/>
    <property name="user.timezone" value="Asia/Dhaka"/>
    <property name="java.vm.specification.version" value="1.8"/>
    <property name="os.name" value="Windows 10"/>
    <property name="user.country" value="US"/>
    <property name="sun.java.launcher" value="SUN_STANDARD"/>
    <property name="sun.boot.library.path" value="C:\Program Files\Java\jdk1.8.0_281\jre\bin"/>
    <property name="sun.java.command" value="C:\Windows\Temp\surefire4958890107117731024\surefirebooter1619987175257442438.jar C:\Windows\Temp\surefire4958890107117731024 2021-07-17T15-58-55_750-jvmRun1 surefire8891708582135492017tmp surefire_01319800321220867666tmp"/>
    <property name="surefire.test.class.path" value="E:\POMframeworkWithExtentReportCOPY\target\test-classes;E:\POMframeworkWithExtentReportCOPY\target\classes;C:\WINDOWS\system32\config\systemprofile\.m2\repository\org\seleniumhq\selenium\selenium-java\4.0.0-beta-4\selenium-java-4.0.0-beta-4.jar;C:\WINDOWS\system32\config\systemprofile\.m2\repository\org\seleniumhq\selenium\selenium-api\4.0.0-beta-4\selenium-api-4.0.0-beta-4.jar;C:\WINDOWS\system32\config\systemprofile\.m2\repository\org\seleniumhq\selenium\selenium-chrome-driver\4.0.0-beta-4\selenium-chrome-driver-4.0.0-beta-4.jar;C:\WINDOWS\system32\config\systemprofile\.m2\repository\com\google\auto\service\auto-service-annotations\1.0\auto-service-annotations-1.0.jar;C:\WINDOWS\system32\config\systemprofile\.m2\repository\com\google\auto\service\auto-service\1.0\auto-service-1.0.jar;C:\WINDOWS\system32\config\systemprofile\.m2\repository\com\google\auto\auto-common\1.0\auto-common-1.0.jar;C:\WINDOWS\system32\config\systemprofile\.m2\repository\com\google\guava\guava\30.1.1-jre\guava-30.1.1-jre.jar;C:\WINDOWS\system32\config\systemprofile\.m2\repository\com\google\guava\failureaccess\1.0.1\failureaccess-1.0.1.jar;C:\WINDOWS\system32\config\systemprofile\.m2\repository\com\google\guava\listenablefuture\9999.0-empty-to-avoid-conflict-with-guava\listenablefuture-9999.0-empty-to-avoid-conflict-with-guava.jar;C:\WINDOWS\system32\config\systemprofile\.m2\repository\com\google\code\findbugs\jsr305\3.0.2\jsr305-3.0.2.jar;C:\WINDOWS\system32\config\systemprofile\.m2\repository\org\checkerframework\checker-qual\3.8.0\checker-qual-3.8.0.jar;C:\WINDOWS\system32\config\systemprofile\.m2\repository\com\google\errorprone\error_prone_annotations\2.5.1\error_prone_annotations-2.5.1.jar;C:\WINDOWS\system32\config\systemprofile\.m2\repository\com\google\j2objc\j2objc-annotations\1.3\j2objc-annotations-1.3.jar;C:\WINDOWS\system32\config\systemprofile\.m2\repository\org\seleniumhq\selenium\selenium-chromium-driver\4.0.0-beta-4\selenium-chromium-driver-4.0.0-beta-4.jar;C:\WINDOWS\system32\config\systemprofile\.m2\repository\org\seleniumhq\selenium\selenium-devtools\4.0.0-beta-4\selenium-devtools-4.0.0-beta-4.jar;C:\WINDOWS\system32\config\systemprofile\.m2\repository\org\seleniumhq\selenium\selenium-http\4.0.0-beta-4\selenium-http-4.0.0-beta-4.jar;C:\WINDOWS\system32\config\systemprofile\.m2\repository\org\seleniumhq\selenium\selenium-json\4.0.0-beta-4\selenium-json-4.0.0-beta-4.jar;C:\WINDOWS\system32\config\systemprofile\.m2\repository\org\seleniumhq\selenium\selenium-devtools-v85\4.0.0-beta-4\selenium-devtools-v85-4.0.0-beta-4.jar;C:\WINDOWS\system32\config\systemprofile\.m2\repository\org\seleniumhq\selenium\selenium-devtools-v88\4.0.0-beta-4\selenium-devtools-v88-4.0.0-beta-4.jar;C:\WINDOWS\system32\config\systemprofile\.m2\repository\org\seleniumhq\selenium\selenium-devtools-v89\4.0.0-beta-4\selenium-devtools-v89-4.0.0-beta-4.jar;C:\WINDOWS\system32\config\systemprofile\.m2\repository\org\seleniumhq\selenium\selenium-devtools-v90\4.0.0-beta-4\selenium-devtools-v90-4.0.0-beta-4.jar;C:\WINDOWS\system32\config\systemprofile\.m2\repository\org\seleniumhq\selenium\selenium-devtools-v91\4.0.0-beta-4\selenium-devtools-v91-4.0.0-beta-4.jar;C:\WINDOWS\system32\config\systemprofile\.m2\repository\org\seleniumhq\selenium\selenium-edge-driver\4.0.0-beta-4\selenium-edge-driver-4.0.0-beta-4.jar;C:\WINDOWS\system32\config\systemprofile\.m2\repository\org\seleniumhq\selenium\selenium-firefox-driver\4.0.0-beta-4\selenium-firefox-driver-4.0.0-beta-4.jar;C:\WINDOWS\system32\config\systemprofile\.m2\repository\org\seleniumhq\selenium\selenium-firefox-xpi-driver\4.0.0-beta-4\selenium-firefox-xpi-driver-4.0.0-beta-4.jar;C:\WINDOWS\system32\config\systemprofile\.m2\repository\org\seleniumhq\selenium\selenium-ie-driver\4.0.0-beta-4\selenium-ie-driver-4.0.0-beta-4.jar;C:\WINDOWS\system32\config\systemprofile\.m2\repository\org\seleniumhq\selenium\selenium-opera-driver\4.0.0-beta-4\selenium-opera-driver-4.0.0-beta-4.jar;C:\WINDOWS\system32\config\systemprofile\.m2\repository\org\seleniumhq\selenium\selenium-remote-driver\4.0.0-beta-4\selenium-remote-driver-4.0.0-beta-4.jar;C:\WINDOWS\system32\config\systemprofile\.m2\repository\io\netty\netty-buffer\4.1.63.Final\netty-buffer-4.1.63.Final.jar;C:\WINDOWS\system32\config\systemprofile\.m2\repository\io\netty\netty-codec-http\4.1.63.Final\netty-codec-http-4.1.63.Final.jar;C:\WINDOWS\system32\config\systemprofile\.m2\repository\io\netty\netty-codec\4.1.63.Final\netty-codec-4.1.63.Final.jar;C:\WINDOWS\system32\config\systemprofile\.m2\repository\io\netty\netty-handler\4.1.63.Final\netty-handler-4.1.63.Final.jar;C:\WINDOWS\system32\config\systemprofile\.m2\repository\io\netty\netty-common\4.1.63.Final\netty-common-4.1.63.Final.jar;C:\WINDOWS\system32\config\systemprofile\.m2\repository\io\netty\netty-transport-native-epoll\4.1.63.Final\netty-transport-native-epoll-4.1.63.Final.jar;C:\WINDOWS\system32\config\systemprofile\.m2\repository\io\netty\netty-transport-native-kqueue\4.1.63.Final\netty-transport-native-kqueue-4.1.63.Final.jar;C:\WINDOWS\system32\config\systemprofile\.m2\repository\io\netty\netty-transport-native-unix-common\4.1.63.Final\netty-transport-native-unix-common-4.1.63.Final.jar;C:\WINDOWS\system32\config\systemprofile\.m2\repository\io\netty\netty-transport\4.1.63.Final\netty-transport-4.1.63.Final.jar;C:\WINDOWS\system32\config\systemprofile\.m2\repository\io\netty\netty-resolver\4.1.63.Final\netty-resolver-4.1.63.Final.jar;C:\WINDOWS\system32\config\systemprofile\.m2\repository\io\opentelemetry\opentelemetry-api\1.2.0\opentelemetry-api-1.2.0.jar;C:\WINDOWS\system32\config\systemprofile\.m2\repository\io\opentelemetry\opentelemetry-context\1.2.0\opentelemetry-context-1.2.0.jar;C:\WINDOWS\system32\config\systemprofile\.m2\repository\io\opentelemetry\opentelemetry-exporter-logging\1.2.0\opentelemetry-exporter-logging-1.2.0.jar;C:\WINDOWS\system32\config\systemprofile\.m2\repository\io\opentelemetry\opentelemetry-sdk-metrics\1.2.0-alpha\opentelemetry-sdk-metrics-1.2.0-alpha.jar;C:\WINDOWS\system32\config\systemprofile\.m2\repository\io\opentelemetry\opentelemetry-sdk-common\1.2.0\opentelemetry-sdk-common-1.2.0.jar;C:\WINDOWS\system32\config\systemprofile\.m2\repository\io\opentelemetry\opentelemetry-sdk-extension-autoconfigure\1.2.0-alpha\opentelemetry-sdk-extension-autoconfigure-1.2.0-alpha.jar;C:\WINDOWS\system32\config\systemprofile\.m2\repository\io\opentelemetry\opentelemetry-sdk-trace\1.2.0\opentelemetry-sdk-trace-1.2.0.jar;C:\WINDOWS\system32\config\systemprofile\.m2\repository\io\opentelemetry\opentelemetry-api-metrics\1.2.0-alpha\opentelemetry-api-metrics-1.2.0-alpha.jar;C:\WINDOWS\system32\config\systemprofile\.m2\repository\io\opentelemetry\opentelemetry-sdk\1.2.0\opentelemetry-sdk-1.2.0.jar;C:\WINDOWS\system32\config\systemprofile\.m2\repository\io\opentelemetry\opentelemetry-semconv\1.2.0-alpha\opentelemetry-semconv-1.2.0-alpha.jar;C:\WINDOWS\system32\config\systemprofile\.m2\repository\io\ous\jtoml\2.0.0\jtoml-2.0.0.jar;C:\WINDOWS\system32\config\systemprofile\.m2\repository\net\bytebuddy\byte-buddy\1.11.0\byte-buddy-1.11.0.jar;C:\WINDOWS\system32\config\systemprofile\.m2\repository\org\apache\commons\commons-exec\1.3\commons-exec-1.3.jar;C:\WINDOWS\system32\config\systemprofile\.m2\repository\org\asynchttpclient\async-http-client\2.12.3\async-http-client-2.12.3.jar;C:\WINDOWS\system32\config\systemprofile\.m2\repository\org\asynchttpclient\async-http-client-netty-utils\2.12.3\async-http-client-netty-utils-2.12.3.jar;C:\WINDOWS\system32\config\systemprofile\.m2\repository\io\netty\netty-codec-socks\4.1.60.Final\netty-codec-socks-4.1.60.Final.jar;C:\WINDOWS\system32\config\systemprofile\.m2\repository\io\netty\netty-handler-proxy\4.1.60.Final\netty-handler-proxy-4.1.60.Final.jar;C:\WINDOWS\system32\config\systemprofile\.m2\repository\io\netty\netty-transport-native-epoll\4.1.60.Final\netty-transport-native-epoll-4.1.60.Final-linux-x86_64.jar;C:\WINDOWS\system32\config\systemprofile\.m2\repository\io\netty\netty-transport-native-kqueue\4.1.60.Final\netty-transport-native-kqueue-4.1.60.Final-osx-x86_64.jar;C:\WINDOWS\system32\config\systemprofile\.m2\repository\com\typesafe\netty\netty-reactive-streams\2.0.4\netty-reactive-streams-2.0.4.jar;C:\WINDOWS\system32\config\systemprofile\.m2\repository\org\slf4j\slf4j-api\1.7.30\slf4j-api-1.7.30.jar;C:\WINDOWS\system32\config\systemprofile\.m2\repository\com\sun\activation\jakarta.activation\1.2.2\jakarta.activation-1.2.2.jar;C:\WINDOWS\system32\config\systemprofile\.m2\repository\org\seleniumhq\selenium\selenium-safari-driver\4.0.0-beta-4\selenium-safari-driver-4.0.0-beta-4.jar;C:\WINDOWS\system32\config\systemprofile\.m2\repository\org\seleniumhq\selenium\selenium-support\4.0.0-beta-4\selenium-support-4.0.0-beta-4.jar;C:\WINDOWS\system32\config\systemprofile\.m2\repository\org\testng\testng\7.4.0\testng-7.4.0.jar;C:\WINDOWS\system32\config\systemprofile\.m2\repository\com\beust\jcommander\1.78\jcommander-1.78.jar;C:\WINDOWS\system32\config\systemprofile\.m2\repository\org\webjars\jquery\3.5.1\jquery-3.5.1.jar;C:\WINDOWS\system32\config\systemprofile\.m2\repository\com\aventstack\extentreports\5.0.8\extentreports-5.0.8.jar;C:\WINDOWS\system32\config\systemprofile\.m2\repository\io\reactivex\rxjava3\rxjava\3.0.4\rxjava-3.0.4.jar;C:\WINDOWS\system32\config\systemprofile\.m2\repository\org\reactivestreams\reactive-streams\1.0.3\reactive-streams-1.0.3.jar;C:\WINDOWS\system32\config\systemprofile\.m2\repository\org\freemarker\freemarker\2.3.30\freemarker-2.3.30.jar;C:\WINDOWS\system32\config\systemprofile\.m2\repository\org\projectlombok\lombok\1.18.12\lombok-1.18.12.jar;C:\WINDOWS\system32\config\systemprofile\.m2\repository\com\google\code\gson\gson\2.8.6\gson-2.8.6.jar;C:\WINDOWS\system32\config\systemprofile\.m2\repository\org\apache\logging\log4j\log4j-api\2.14.1\log4j-api-2.14.1.jar;C:\WINDOWS\system32\config\systemprofile\.m2\repository\org\apache\logging\log4j\log4j-core\2.14.1\log4j-core-2.14.1.jar;C:\WINDOWS\system32\config\systemprofile\.m2\repository\junit\junit\4.13.2\junit-4.13.2.jar;C:\WINDOWS\system32\config\systemprofile\.m2\repository\org\hamcrest\hamcrest-core\1.3\hamcrest-core-1.3.jar;"/>
    <property name="sun.cpu.endian" value="little"/>
    <property name="user.home" value="C:\WINDOWS\system32\config\systemprofile"/>
    <property name="user.language" value="en"/>
    <property name="java.specification.vendor" value="Oracle Corporation"/>
    <property name="java.home" value="C:\Program Files\Java\jdk1.8.0_281\jre"/>
    <property name="basedir" value="E:\POMframeworkWithExtentReportCOPY"/>
    <property name="file.separator" value="\"/>
    <property name="line.separator" value="&#10;"/>
    <property name="java.vm.specification.vendor" value="Oracle Corporation"/>
    <property name="java.specification.name" value="Java Platform API Specification"/>
    <property name="java.awt.graphicsenv" value="sun.awt.Win32GraphicsEnvironment"/>
    <property name="surefire.real.class.path" value="C:\Windows\Temp\surefire4958890107117731024\surefirebooter1619987175257442438.jar"/>
    <property name="sun.boot.class.path" value="C:\Program Files\Java\jdk1.8.0_281\jre\lib\resources.jar;C:\Program Files\Java\jdk1.8.0_281\jre\lib\rt.jar;C:\Program Files\Java\jdk1.8.0_281\jre\lib\sunrsasign.jar;C:\Program Files\Java\jdk1.8.0_281\jre\lib\jsse.jar;C:\Program Files\Java\jdk1.8.0_281\jre\lib\jce.jar;C:\Program Files\Java\jdk1.8.0_281\jre\lib\charsets.jar;C:\Program Files\Java\jdk1.8.0_281\jre\lib\jfr.jar;C:\Program Files\Java\jdk1.8.0_281\jre\classes"/>
    <property name="user.script" value=""/>
    <property name="sun.management.compiler" value="HotSpot 64-Bit Tiered Compilers"/>
    <property name="java.runtime.version" value="1.8.0_281-b09"/>
    <property name="user.name" value="LAPTOP-EM2ICHMI$"/>
    <property name="path.separator" value=";"/>
    <property name="os.version" value="10.0"/>
    <property name="java.endorsed.dirs" value="C:\Program Files\Java\jdk1.8.0_281\jre\lib\endorsed"/>
    <property name="java.runtime.name" value="Java(TM) SE Runtime Environment"/>
    <property name="file.encoding" value="Cp1252"/>
    <property name="sun.nio.ch.bugLevel" value=""/>
    <property name="java.vm.name" value="Java HotSpot(TM) 64-Bit Server VM"/>
    <property name="localRepository" value="C:\WINDOWS\system32\config\systemprofile\.m2\repository"/>
    <property name="java.vendor.url.bug" value="http://bugreport.sun.com/bugreport/"/>
    <property name="java.io.tmpdir" value="C:\WINDOWS\TEMP\"/>
    <property name="java.version" value="1.8.0_281"/>
    <property name="user.dir" value="E:\POMframeworkWithExtentReportCOPY"/>
    <property name="os.arch" value="amd64"/>
    <property name="webdriver.gecko.driver" value="./src/main/resources/geckodriver.exe"/>
    <property name="java.vm.specification.name" value="Java Virtual Machine Specification"/>
    <property name="java.awt.printerjob" value="sun.awt.windows.WPrinterJob"/>
    <property name="sun.os.patch.level" value=""/>
    <property name="java.library.path" value="C:\Program Files\Java\jdk1.8.0_281\jre\bin;C:\WINDOWS\Sun\Java\bin;C:\WINDOWS\system32;C:\WINDOWS;C:\TTSOFTWARE\apache-maven-3.6.3/bin;C:\Program Files\Java\jdk1.8.0_281/bin;C:\Program Files\Java\jdk1.8.0_281/bin;C:\Program Files (x86)\Common Files\Oracle\Java\javapath;C:\oraclexe\app\oracle\product\11.2.0\server\bin;C:\ProgramData\Oracle\Java\javapath;C:\Windows\system32;C:\Windows;C:\Windows\System32\Wbem;C:\Windows\System32\WindowsPowerShell\v1.0\;C:\Windows\System32\OpenSSH\;C:\Program Files (x86)\NVIDIA Corporation\PhysX\Common;C:\Program Files\Java\jdk1.8.0_281\bin;C:\Program Files\Git\cmd;C:\WINDOWS\system32;C:\WINDOWS;C:\WINDOWS\System32\Wbem;C:\WINDOWS\System32\WindowsPowerShell\v1.0\;C:\WINDOWS\System32\OpenSSH\;C:\TTSOFTWARE\apache-maven-3.6.3\bin;C:\WINDOWS\system32\config\systemprofile\AppData\Local\Microsoft\WindowsApps;."/>
    <property name="java.vm.info" value="mixed mode"/>
    <property name="java.vendor" value="Oracle Corporation"/>
    <property name="java.vm.version" value="25.281-b09"/>
    <property name="java.ext.dirs" value="C:\Program Files\Java\jdk1.8.0_281\jre\lib\ext;C:\WINDOWS\Sun\Java\lib\ext"/>
    <property name="sun.io.unicode.encoding" value="UnicodeLittle"/>
    <property name="java.class.version" value="52.0"/>
  </properties>
  <testcase name="invalid_emailAndPassword_LoginTest1[public void com.tests.LoginTest.invalid_emailAndPassword_LoginTest1(java.lang.reflect.Method)](1)" classname="com.tests.LoginTest" time="0">
    <skipped message="Element &lt;span class=&quot;hidden-xs hidden-sm hidden-md&quot;&gt; could not be scrolled into view&#10;Build info: version: &apos;4.0.0-beta-4&apos;, revision: &apos;29f46d02dd&apos;&#10;System info: host: &apos;LAPTOP-EM2ICHMI&apos;, ip: &apos;192.168.58.102&apos;, os.name: &apos;Windows 10&apos;, os.arch: &apos;amd64&apos;, os.version: &apos;10.0&apos;, java.version: &apos;1.8.0_281&apos;&#10;Driver info: org.openqa.selenium.firefox.FirefoxDriver&#10;Command: [734a3996-b1ba-463b-a660-a7d36361be7e, clickElement {id=fdd4c8f1-2760-41eb-b884-252652e3e788}]&#10;Capabilities {acceptInsecureCerts: true, browserName: firefox, browserVersion: 89.0.1, javascriptEnabled: true, moz:accessibilityChecks: false, moz:buildID: 20210614221319, moz:debuggerAddress: localhost:63699, moz:geckodriverVersion: 0.29.0, moz:headless: false, moz:processID: 6220, moz:profile: C:\Windows\Temp\rust_mozpro..., moz:shutdownTimeout: 60000, moz:useNonSpecCompliantPointerOrigin: false, moz:webdriverClick: true, pageLoadStrategy: normal, platform: WINDOWS, platformName: WINDOWS, platformVersion: 10.0, se:cdp: ws://localhost:63699/devtoo..., se:cdpVersion: 85, setWindowRect: true, strictFileInteractability: false, timeouts: {implicit: 0, pageLoad: 300000, script: 30000}, unhandledPromptBehavior: dismiss and notify}&#10;Element: [[FirefoxDriver: firefox on WINDOWS (734a3996-b1ba-463b-a660-a7d36361be7e)] -&gt; xpath: //span[contains(text(),&apos;My Account&apos;)]]&#10;Session ID: 734a3996-b1ba-463b-a660-a7d36361be7e"/>
    <system-out><![CDATA[[INFO ] 2021-07-17 15:59:00.404 [main] Log - I am in onStart method POMframeworkWithExtentReportCOPY
[INFO ] 2021-07-17 15:59:00.509 [main] Log - test is starting ....
[INFO ] 2021-07-17 15:59:11.297 [main] Log - invalid_emailAndPassword_LoginTest1 test is starting.
[INFO ] 2021-07-17 15:59:12.145 [main] Log - go to opencart home page
[INFO ] 2021-07-17 15:59:17.888 [main] Log - go to login page 
[INFO ] 2021-07-17 15:59:18.245 [main] Log - invalid_emailAndPassword_LoginTest1 test is skipped.
]]></system-out>
    <system-err><![CDATA[SLF4J: Failed to load class "org.slf4j.impl.StaticLoggerBinder".
SLF4J: Defaulting to no-operation (NOP) logger implementation
SLF4J: See http://www.slf4j.org/codes.html#StaticLoggerBinder for further details.
1626515942872	geckodriver	INFO	Listening on 127.0.0.1:45594
1626515944717	mozrunner::runner	INFO	Running command: "C:\\Program Files (x86)\\Mozilla Firefox\\firefox.exe" "--marionette" "--remote-debugging-port" "0" "-foreground" "-no-remote" "-profile" "C:\\WINDOWS\\TEMP\\rust_mozprofileCcwtFS"
1626515945738	Marionette	INFO	Marionette enabled
[GFX1-]: RcANGLE(no compositor window)
[GFX1-]: Failed to connect WebRenderBridgeChild.
[GFX1-]: Fallback WR to SW-WR
[GFX1-]: [D3D11] create swap chain failed: 0x887a0022, 0
[GFX1-]: Failed to initialize CompositorD3D11 for SWGL: FEATURE_FAILURE_D3D11_SWAP_CHAIN
console.warn: SearchSettings: "get: No settings file exists, new profile?" (new NotFoundError("Could not open the file at C:\\Windows\\Temp\\rust_mozprofileCcwtFS\\search.json.mozlz4", (void 0)))
[GFX1-]: [D3D11] create swap chain failed: 0x887a0022, 0
[GFX1-]: Failed to initialize CompositorD3D11 for SWGL: FEATURE_FAILURE_D3D11_SWAP_CHAIN
DevTools listening on ws://localhost:63699/devtools/browser/a936b6e0-8248-4c35-879d-0ecf3b7d3c7e
1626515950175	Marionette	INFO	Listening on port 50256
1626515950761	Marionette	WARN	TLS certificate errors will be ignored for this session
Jul 17, 2021 3:59:11 PM org.openqa.selenium.remote.ProtocolHandshake createSession
INFO: Detected dialect: W3C
]]></system-err>
  </testcase>
  <testcase name="invalid_emailAndPassword_LoginTest1[public void com.tests.LoginTest.invalid_emailAndPassword_LoginTest1(java.lang.reflect.Method)](2)" classname="com.tests.LoginTest" time="1.587">
    <failure message="Element &lt;span class=&quot;hidden-xs hidden-sm hidden-md&quot;&gt; could not be scrolled into view&#10;Build info: version: &apos;4.0.0-beta-4&apos;, revision: &apos;29f46d02dd&apos;&#10;System info: host: &apos;LAPTOP-EM2ICHMI&apos;, ip: &apos;192.168.58.102&apos;, os.name: &apos;Windows 10&apos;, os.arch: &apos;amd64&apos;, os.version: &apos;10.0&apos;, java.version: &apos;1.8.0_281&apos;&#10;Driver info: org.openqa.selenium.firefox.FirefoxDriver&#10;Command: [734a3996-b1ba-463b-a660-a7d36361be7e, clickElement {id=51814fc3-f4f3-41fc-8b29-7c125816dce3}]&#10;Capabilities {acceptInsecureCerts: true, browserName: firefox, browserVersion: 89.0.1, javascriptEnabled: true, moz:accessibilityChecks: false, moz:buildID: 20210614221319, moz:debuggerAddress: localhost:63699, moz:geckodriverVersion: 0.29.0, moz:headless: false, moz:processID: 6220, moz:profile: C:\Windows\Temp\rust_mozpro..., moz:shutdownTimeout: 60000, moz:useNonSpecCompliantPointerOrigin: false, moz:webdriverClick: true, pageLoadStrategy: normal, platform: WINDOWS, platformName: WINDOWS, platformVersion: 10.0, se:cdp: ws://localhost:63699/devtoo..., se:cdpVersion: 85, setWindowRect: true, strictFileInteractability: false, timeouts: {implicit: 0, pageLoad: 300000, script: 30000}, unhandledPromptBehavior: dismiss and notify}&#10;Element: [[FirefoxDriver: firefox on WINDOWS (734a3996-b1ba-463b-a660-a7d36361be7e)] -&gt; xpath: //span[contains(text(),&apos;My Account&apos;)]]&#10;Session ID: 734a3996-b1ba-463b-a660-a7d36361be7e" type="org.openqa.selenium.ElementNotInteractableException"><![CDATA[org.openqa.selenium.ElementNotInteractableException: 
Element <span class="hidden-xs hidden-sm hidden-md"> could not be scrolled into view
Build info: version: '4.0.0-beta-4', revision: '29f46d02dd'
System info: host: 'LAPTOP-EM2ICHMI', ip: '192.168.58.102', os.name: 'Windows 10', os.arch: 'amd64', os.version: '10.0', java.version: '1.8.0_281'
Driver info: org.openqa.selenium.firefox.FirefoxDriver
Command: [734a3996-b1ba-463b-a660-a7d36361be7e, clickElement {id=51814fc3-f4f3-41fc-8b29-7c125816dce3}]
Capabilities {acceptInsecureCerts: true, browserName: firefox, browserVersion: 89.0.1, javascriptEnabled: true, moz:accessibilityChecks: false, moz:buildID: 20210614221319, moz:debuggerAddress: localhost:63699, moz:geckodriverVersion: 0.29.0, moz:headless: false, moz:processID: 6220, moz:profile: C:\Windows\Temp\rust_mozpro..., moz:shutdownTimeout: 60000, moz:useNonSpecCompliantPointerOrigin: false, moz:webdriverClick: true, pageLoadStrategy: normal, platform: WINDOWS, platformName: WINDOWS, platformVersion: 10.0, se:cdp: ws://localhost:63699/devtoo..., se:cdpVersion: 85, setWindowRect: true, strictFileInteractability: false, timeouts: {implicit: 0, pageLoad: 300000, script: 30000}, unhandledPromptBehavior: dismiss and notify}
Element: [[FirefoxDriver: firefox on WINDOWS (734a3996-b1ba-463b-a660-a7d36361be7e)] -> xpath: //span[contains(text(),'My Account')]]
Session ID: 734a3996-b1ba-463b-a660-a7d36361be7e
	at com.tests.LoginTest.invalid_emailAndPassword_LoginTest1(LoginTest.java:14)
]]></failure>
    <system-out><![CDATA[[INFO ] 2021-07-17 15:59:18.253 [main] Log - invalid_emailAndPassword_LoginTest1 test is starting.
[INFO ] 2021-07-17 15:59:18.253 [main] Log - go to opencart home page
[INFO ] 2021-07-17 15:59:19.621 [main] Log - go to login page 
[INFO ] 2021-07-17 15:59:19.659 [main] Log - invalid_emailAndPassword_LoginTest1 test is failed.
]]></system-out>
  </testcase>
  <testcase name="testPrint" classname="com.tests.LoginTest" time="0.01">
    <system-out><![CDATA[[INFO ] 2021-07-17 15:59:19.846 [main] Log - testPrint test is starting.
Page Tile : Your Store
[INFO ] 2021-07-17 15:59:19.857 [main] Log - testPrint test is succeed.
]]></system-out>
  </testcase>
  <testcase name="invalid_emailAndPassword_LoginTest2[public void com.tests.LoginTest.invalid_emailAndPassword_LoginTest2(java.lang.reflect.Method)](1)" classname="com.tests.LoginTest" time="0">
    <skipped message="Element &lt;span class=&quot;hidden-xs hidden-sm hidden-md&quot;&gt; could not be scrolled into view&#10;Build info: version: &apos;4.0.0-beta-4&apos;, revision: &apos;29f46d02dd&apos;&#10;System info: host: &apos;LAPTOP-EM2ICHMI&apos;, ip: &apos;192.168.58.102&apos;, os.name: &apos;Windows 10&apos;, os.arch: &apos;amd64&apos;, os.version: &apos;10.0&apos;, java.version: &apos;1.8.0_281&apos;&#10;Driver info: org.openqa.selenium.firefox.FirefoxDriver&#10;Command: [734a3996-b1ba-463b-a660-a7d36361be7e, clickElement {id=c949e408-11a2-4df0-900a-3b6fa846ac63}]&#10;Capabilities {acceptInsecureCerts: true, browserName: firefox, browserVersion: 89.0.1, javascriptEnabled: true, moz:accessibilityChecks: false, moz:buildID: 20210614221319, moz:debuggerAddress: localhost:63699, moz:geckodriverVersion: 0.29.0, moz:headless: false, moz:processID: 6220, moz:profile: C:\Windows\Temp\rust_mozpro..., moz:shutdownTimeout: 60000, moz:useNonSpecCompliantPointerOrigin: false, moz:webdriverClick: true, pageLoadStrategy: normal, platform: WINDOWS, platformName: WINDOWS, platformVersion: 10.0, se:cdp: ws://localhost:63699/devtoo..., se:cdpVersion: 85, setWindowRect: true, strictFileInteractability: false, timeouts: {implicit: 0, pageLoad: 300000, script: 30000}, unhandledPromptBehavior: dismiss and notify}&#10;Element: [[FirefoxDriver: firefox on WINDOWS (734a3996-b1ba-463b-a660-a7d36361be7e)] -&gt; xpath: //span[contains(text(),&apos;My Account&apos;)]]&#10;Session ID: 734a3996-b1ba-463b-a660-a7d36361be7e"/>
    <system-out><![CDATA[[INFO ] 2021-07-17 15:59:19.860 [main] Log - invalid_emailAndPassword_LoginTest2 test is starting.
[INFO ] 2021-07-17 15:59:19.861 [main] Log - go to opencart home page
[INFO ] 2021-07-17 15:59:21.161 [main] Log - go to login page 
[INFO ] 2021-07-17 15:59:21.379 [main] Log - invalid_emailAndPassword_LoginTest2 test is skipped.
]]></system-out>
  </testcase>
  <testcase name="invalid_emailAndPassword_LoginTest2[public void com.tests.LoginTest.invalid_emailAndPassword_LoginTest2(java.lang.reflect.Method)](2)" classname="com.tests.LoginTest" time="1.502">
    <failure message="Element &lt;span class=&quot;hidden-xs hidden-sm hidden-md&quot;&gt; could not be scrolled into view&#10;Build info: version: &apos;4.0.0-beta-4&apos;, revision: &apos;29f46d02dd&apos;&#10;System info: host: &apos;LAPTOP-EM2ICHMI&apos;, ip: &apos;192.168.58.102&apos;, os.name: &apos;Windows 10&apos;, os.arch: &apos;amd64&apos;, os.version: &apos;10.0&apos;, java.version: &apos;1.8.0_281&apos;&#10;Driver info: org.openqa.selenium.firefox.FirefoxDriver&#10;Command: [734a3996-b1ba-463b-a660-a7d36361be7e, clickElement {id=e09d9ead-16d2-40ac-bc2e-399c005500bf}]&#10;Capabilities {acceptInsecureCerts: true, browserName: firefox, browserVersion: 89.0.1, javascriptEnabled: true, moz:accessibilityChecks: false, moz:buildID: 20210614221319, moz:debuggerAddress: localhost:63699, moz:geckodriverVersion: 0.29.0, moz:headless: false, moz:processID: 6220, moz:profile: C:\Windows\Temp\rust_mozpro..., moz:shutdownTimeout: 60000, moz:useNonSpecCompliantPointerOrigin: false, moz:webdriverClick: true, pageLoadStrategy: normal, platform: WINDOWS, platformName: WINDOWS, platformVersion: 10.0, se:cdp: ws://localhost:63699/devtoo..., se:cdpVersion: 85, setWindowRect: true, strictFileInteractability: false, timeouts: {implicit: 0, pageLoad: 300000, script: 30000}, unhandledPromptBehavior: dismiss and notify}&#10;Element: [[FirefoxDriver: firefox on WINDOWS (734a3996-b1ba-463b-a660-a7d36361be7e)] -&gt; xpath: //span[contains(text(),&apos;My Account&apos;)]]&#10;Session ID: 734a3996-b1ba-463b-a660-a7d36361be7e" type="org.openqa.selenium.ElementNotInteractableException"><![CDATA[org.openqa.selenium.ElementNotInteractableException: 
Element <span class="hidden-xs hidden-sm hidden-md"> could not be scrolled into view
Build info: version: '4.0.0-beta-4', revision: '29f46d02dd'
System info: host: 'LAPTOP-EM2ICHMI', ip: '192.168.58.102', os.name: 'Windows 10', os.arch: 'amd64', os.version: '10.0', java.version: '1.8.0_281'
Driver info: org.openqa.selenium.firefox.FirefoxDriver
Command: [734a3996-b1ba-463b-a660-a7d36361be7e, clickElement {id=e09d9ead-16d2-40ac-bc2e-399c005500bf}]
Capabilities {acceptInsecureCerts: true, browserName: firefox, browserVersion: 89.0.1, javascriptEnabled: true, moz:accessibilityChecks: false, moz:buildID: 20210614221319, moz:debuggerAddress: localhost:63699, moz:geckodriverVersion: 0.29.0, moz:headless: false, moz:processID: 6220, moz:profile: C:\Windows\Temp\rust_mozpro..., moz:shutdownTimeout: 60000, moz:useNonSpecCompliantPointerOrigin: false, moz:webdriverClick: true, pageLoadStrategy: normal, platform: WINDOWS, platformName: WINDOWS, platformVersion: 10.0, se:cdp: ws://localhost:63699/devtoo..., se:cdpVersion: 85, setWindowRect: true, strictFileInteractability: false, timeouts: {implicit: 0, pageLoad: 300000, script: 30000}, unhandledPromptBehavior: dismiss and notify}
Element: [[FirefoxDriver: firefox on WINDOWS (734a3996-b1ba-463b-a660-a7d36361be7e)] -> xpath: //span[contains(text(),'My Account')]]
Session ID: 734a3996-b1ba-463b-a660-a7d36361be7e
	at com.tests.LoginTest.invalid_emailAndPassword_LoginTest2(LoginTest.java:21)
]]></failure>
    <system-out><![CDATA[[INFO ] 2021-07-17 15:59:21.381 [main] Log - invalid_emailAndPassword_LoginTest2 test is starting.
[INFO ] 2021-07-17 15:59:21.382 [main] Log - go to opencart home page
[INFO ] 2021-07-17 15:59:22.672 [main] Log - go to login page 
[INFO ] 2021-07-17 15:59:22.708 [main] Log - invalid_emailAndPassword_LoginTest2 test is failed.
]]></system-out>
  </testcase>
  <testcase name="invalid_emailAndPassword_LoginTest3[public void com.tests.LoginTest.invalid_emailAndPassword_LoginTest3(java.lang.reflect.Method)](1)" classname="com.tests.LoginTest" time="0">
    <skipped message="Element &lt;span class=&quot;hidden-xs hidden-sm hidden-md&quot;&gt; could not be scrolled into view&#10;Build info: version: &apos;4.0.0-beta-4&apos;, revision: &apos;29f46d02dd&apos;&#10;System info: host: &apos;LAPTOP-EM2ICHMI&apos;, ip: &apos;192.168.58.102&apos;, os.name: &apos;Windows 10&apos;, os.arch: &apos;amd64&apos;, os.version: &apos;10.0&apos;, java.version: &apos;1.8.0_281&apos;&#10;Driver info: org.openqa.selenium.firefox.FirefoxDriver&#10;Command: [734a3996-b1ba-463b-a660-a7d36361be7e, clickElement {id=b6869e14-78f2-4dff-94cf-cc08a50d0648}]&#10;Capabilities {acceptInsecureCerts: true, browserName: firefox, browserVersion: 89.0.1, javascriptEnabled: true, moz:accessibilityChecks: false, moz:buildID: 20210614221319, moz:debuggerAddress: localhost:63699, moz:geckodriverVersion: 0.29.0, moz:headless: false, moz:processID: 6220, moz:profile: C:\Windows\Temp\rust_mozpro..., moz:shutdownTimeout: 60000, moz:useNonSpecCompliantPointerOrigin: false, moz:webdriverClick: true, pageLoadStrategy: normal, platform: WINDOWS, platformName: WINDOWS, platformVersion: 10.0, se:cdp: ws://localhost:63699/devtoo..., se:cdpVersion: 85, setWindowRect: true, strictFileInteractability: false, timeouts: {implicit: 0, pageLoad: 300000, script: 30000}, unhandledPromptBehavior: dismiss and notify}&#10;Element: [[FirefoxDriver: firefox on WINDOWS (734a3996-b1ba-463b-a660-a7d36361be7e)] -&gt; xpath: //span[contains(text(),&apos;My Account&apos;)]]&#10;Session ID: 734a3996-b1ba-463b-a660-a7d36361be7e"/>
    <system-out><![CDATA[[INFO ] 2021-07-17 15:59:22.885 [main] Log - invalid_emailAndPassword_LoginTest3 test is starting.
[INFO ] 2021-07-17 15:59:22.885 [main] Log - go to opencart home page
[INFO ] 2021-07-17 15:59:24.193 [main] Log - go to login page 
[INFO ] 2021-07-17 15:59:24.397 [main] Log - invalid_emailAndPassword_LoginTest3 test is skipped.
]]></system-out>
  </testcase>
  <testcase name="invalid_emailAndPassword_LoginTest3[public void com.tests.LoginTest.invalid_emailAndPassword_LoginTest3(java.lang.reflect.Method)](2)" classname="com.tests.LoginTest" time="1.456">
    <failure message="Element &lt;span class=&quot;hidden-xs hidden-sm hidden-md&quot;&gt; could not be scrolled into view&#10;Build info: version: &apos;4.0.0-beta-4&apos;, revision: &apos;29f46d02dd&apos;&#10;System info: host: &apos;LAPTOP-EM2ICHMI&apos;, ip: &apos;192.168.58.102&apos;, os.name: &apos;Windows 10&apos;, os.arch: &apos;amd64&apos;, os.version: &apos;10.0&apos;, java.version: &apos;1.8.0_281&apos;&#10;Driver info: org.openqa.selenium.firefox.FirefoxDriver&#10;Command: [734a3996-b1ba-463b-a660-a7d36361be7e, clickElement {id=def22e21-0aa2-4c89-86ba-8da6829c022c}]&#10;Capabilities {acceptInsecureCerts: true, browserName: firefox, browserVersion: 89.0.1, javascriptEnabled: true, moz:accessibilityChecks: false, moz:buildID: 20210614221319, moz:debuggerAddress: localhost:63699, moz:geckodriverVersion: 0.29.0, moz:headless: false, moz:processID: 6220, moz:profile: C:\Windows\Temp\rust_mozpro..., moz:shutdownTimeout: 60000, moz:useNonSpecCompliantPointerOrigin: false, moz:webdriverClick: true, pageLoadStrategy: normal, platform: WINDOWS, platformName: WINDOWS, platformVersion: 10.0, se:cdp: ws://localhost:63699/devtoo..., se:cdpVersion: 85, setWindowRect: true, strictFileInteractability: false, timeouts: {implicit: 0, pageLoad: 300000, script: 30000}, unhandledPromptBehavior: dismiss and notify}&#10;Element: [[FirefoxDriver: firefox on WINDOWS (734a3996-b1ba-463b-a660-a7d36361be7e)] -&gt; xpath: //span[contains(text(),&apos;My Account&apos;)]]&#10;Session ID: 734a3996-b1ba-463b-a660-a7d36361be7e" type="org.openqa.selenium.ElementNotInteractableException"><![CDATA[org.openqa.selenium.ElementNotInteractableException: 
Element <span class="hidden-xs hidden-sm hidden-md"> could not be scrolled into view
Build info: version: '4.0.0-beta-4', revision: '29f46d02dd'
System info: host: 'LAPTOP-EM2ICHMI', ip: '192.168.58.102', os.name: 'Windows 10', os.arch: 'amd64', os.version: '10.0', java.version: '1.8.0_281'
Driver info: org.openqa.selenium.firefox.FirefoxDriver
Command: [734a3996-b1ba-463b-a660-a7d36361be7e, clickElement {id=def22e21-0aa2-4c89-86ba-8da6829c022c}]
Capabilities {acceptInsecureCerts: true, browserName: firefox, browserVersion: 89.0.1, javascriptEnabled: true, moz:accessibilityChecks: false, moz:buildID: 20210614221319, moz:debuggerAddress: localhost:63699, moz:geckodriverVersion: 0.29.0, moz:headless: false, moz:processID: 6220, moz:profile: C:\Windows\Temp\rust_mozpro..., moz:shutdownTimeout: 60000, moz:useNonSpecCompliantPointerOrigin: false, moz:webdriverClick: true, pageLoadStrategy: normal, platform: WINDOWS, platformName: WINDOWS, platformVersion: 10.0, se:cdp: ws://localhost:63699/devtoo..., se:cdpVersion: 85, setWindowRect: true, strictFileInteractability: false, timeouts: {implicit: 0, pageLoad: 300000, script: 30000}, unhandledPromptBehavior: dismiss and notify}
Element: [[FirefoxDriver: firefox on WINDOWS (734a3996-b1ba-463b-a660-a7d36361be7e)] -> xpath: //span[contains(text(),'My Account')]]
Session ID: 734a3996-b1ba-463b-a660-a7d36361be7e
	at com.tests.LoginTest.invalid_emailAndPassword_LoginTest3(LoginTest.java:28)
]]></failure>
    <system-out><![CDATA[[INFO ] 2021-07-17 15:59:24.400 [main] Log - invalid_emailAndPassword_LoginTest3 test is starting.
[INFO ] 2021-07-17 15:59:24.401 [main] Log - go to opencart home page
[INFO ] 2021-07-17 15:59:25.638 [main] Log - go to login page 
[INFO ] 2021-07-17 15:59:25.676 [main] Log - invalid_emailAndPassword_LoginTest3 test is failed.
]]></system-out>
  </testcase>
  <testcase name="valid_emailAndPassword_LoginTest[public void com.tests.LoginTest.valid_emailAndPassword_LoginTest(java.lang.reflect.Method)](1)" classname="com.tests.LoginTest" time="0">
    <skipped message="Element &lt;span class=&quot;hidden-xs hidden-sm hidden-md&quot;&gt; could not be scrolled into view&#10;Build info: version: &apos;4.0.0-beta-4&apos;, revision: &apos;29f46d02dd&apos;&#10;System info: host: &apos;LAPTOP-EM2ICHMI&apos;, ip: &apos;192.168.58.102&apos;, os.name: &apos;Windows 10&apos;, os.arch: &apos;amd64&apos;, os.version: &apos;10.0&apos;, java.version: &apos;1.8.0_281&apos;&#10;Driver info: org.openqa.selenium.firefox.FirefoxDriver&#10;Command: [734a3996-b1ba-463b-a660-a7d36361be7e, clickElement {id=e3d680f6-79d0-44b0-ad34-52043022e3c1}]&#10;Capabilities {acceptInsecureCerts: true, browserName: firefox, browserVersion: 89.0.1, javascriptEnabled: true, moz:accessibilityChecks: false, moz:buildID: 20210614221319, moz:debuggerAddress: localhost:63699, moz:geckodriverVersion: 0.29.0, moz:headless: false, moz:processID: 6220, moz:profile: C:\Windows\Temp\rust_mozpro..., moz:shutdownTimeout: 60000, moz:useNonSpecCompliantPointerOrigin: false, moz:webdriverClick: true, pageLoadStrategy: normal, platform: WINDOWS, platformName: WINDOWS, platformVersion: 10.0, se:cdp: ws://localhost:63699/devtoo..., se:cdpVersion: 85, setWindowRect: true, strictFileInteractability: false, timeouts: {implicit: 0, pageLoad: 300000, script: 30000}, unhandledPromptBehavior: dismiss and notify}&#10;Element: [[FirefoxDriver: firefox on WINDOWS (734a3996-b1ba-463b-a660-a7d36361be7e)] -&gt; xpath: //span[contains(text(),&apos;My Account&apos;)]]&#10;Session ID: 734a3996-b1ba-463b-a660-a7d36361be7e"/>
    <system-out><![CDATA[[INFO ] 2021-07-17 15:59:25.859 [main] Log - valid_emailAndPassword_LoginTest test is starting.
[INFO ] 2021-07-17 15:59:25.860 [main] Log - go to opencart home page
[INFO ] 2021-07-17 15:59:27.203 [main] Log - go to login page 
[INFO ] 2021-07-17 15:59:27.409 [main] Log - valid_emailAndPassword_LoginTest test is skipped.
]]></system-out>
  </testcase>
  <testcase name="valid_emailAndPassword_LoginTest[public void com.tests.LoginTest.valid_emailAndPassword_LoginTest(java.lang.reflect.Method)](2)" classname="com.tests.LoginTest" time="1.496">
    <failure message="Element &lt;span class=&quot;hidden-xs hidden-sm hidden-md&quot;&gt; could not be scrolled into view&#10;Build info: version: &apos;4.0.0-beta-4&apos;, revision: &apos;29f46d02dd&apos;&#10;System info: host: &apos;LAPTOP-EM2ICHMI&apos;, ip: &apos;192.168.58.102&apos;, os.name: &apos;Windows 10&apos;, os.arch: &apos;amd64&apos;, os.version: &apos;10.0&apos;, java.version: &apos;1.8.0_281&apos;&#10;Driver info: org.openqa.selenium.firefox.FirefoxDriver&#10;Command: [734a3996-b1ba-463b-a660-a7d36361be7e, clickElement {id=dc535720-ae6d-46ef-bd4b-b3e7458006af}]&#10;Capabilities {acceptInsecureCerts: true, browserName: firefox, browserVersion: 89.0.1, javascriptEnabled: true, moz:accessibilityChecks: false, moz:buildID: 20210614221319, moz:debuggerAddress: localhost:63699, moz:geckodriverVersion: 0.29.0, moz:headless: false, moz:processID: 6220, moz:profile: C:\Windows\Temp\rust_mozpro..., moz:shutdownTimeout: 60000, moz:useNonSpecCompliantPointerOrigin: false, moz:webdriverClick: true, pageLoadStrategy: normal, platform: WINDOWS, platformName: WINDOWS, platformVersion: 10.0, se:cdp: ws://localhost:63699/devtoo..., se:cdpVersion: 85, setWindowRect: true, strictFileInteractability: false, timeouts: {implicit: 0, pageLoad: 300000, script: 30000}, unhandledPromptBehavior: dismiss and notify}&#10;Element: [[FirefoxDriver: firefox on WINDOWS (734a3996-b1ba-463b-a660-a7d36361be7e)] -&gt; xpath: //span[contains(text(),&apos;My Account&apos;)]]&#10;Session ID: 734a3996-b1ba-463b-a660-a7d36361be7e" type="org.openqa.selenium.ElementNotInteractableException"><![CDATA[org.openqa.selenium.ElementNotInteractableException: 
Element <span class="hidden-xs hidden-sm hidden-md"> could not be scrolled into view
Build info: version: '4.0.0-beta-4', revision: '29f46d02dd'
System info: host: 'LAPTOP-EM2ICHMI', ip: '192.168.58.102', os.name: 'Windows 10', os.arch: 'amd64', os.version: '10.0', java.version: '1.8.0_281'
Driver info: org.openqa.selenium.firefox.FirefoxDriver
Command: [734a3996-b1ba-463b-a660-a7d36361be7e, clickElement {id=dc535720-ae6d-46ef-bd4b-b3e7458006af}]
Capabilities {acceptInsecureCerts: true, browserName: firefox, browserVersion: 89.0.1, javascriptEnabled: true, moz:accessibilityChecks: false, moz:buildID: 20210614221319, moz:debuggerAddress: localhost:63699, moz:geckodriverVersion: 0.29.0, moz:headless: false, moz:processID: 6220, moz:profile: C:\Windows\Temp\rust_mozpro..., moz:shutdownTimeout: 60000, moz:useNonSpecCompliantPointerOrigin: false, moz:webdriverClick: true, pageLoadStrategy: normal, platform: WINDOWS, platformName: WINDOWS, platformVersion: 10.0, se:cdp: ws://localhost:63699/devtoo..., se:cdpVersion: 85, setWindowRect: true, strictFileInteractability: false, timeouts: {implicit: 0, pageLoad: 300000, script: 30000}, unhandledPromptBehavior: dismiss and notify}
Element: [[FirefoxDriver: firefox on WINDOWS (734a3996-b1ba-463b-a660-a7d36361be7e)] -> xpath: //span[contains(text(),'My Account')]]
Session ID: 734a3996-b1ba-463b-a660-a7d36361be7e
	at com.tests.LoginTest.valid_emailAndPassword_LoginTest(LoginTest.java:34)
]]></failure>
    <system-out><![CDATA[[INFO ] 2021-07-17 15:59:27.412 [main] Log - valid_emailAndPassword_LoginTest test is starting.
[INFO ] 2021-07-17 15:59:27.412 [main] Log - go to opencart home page
[INFO ] 2021-07-17 15:59:28.677 [main] Log - go to login page 
[INFO ] 2021-07-17 15:59:28.709 [main] Log - valid_emailAndPassword_LoginTest test is failed.
]]></system-out>
  </testcase>
</testsuite>